1729618688566	geckodriver	INFO	Listening on 127.0.0.1:60782
1729618691704	mozrunner::runner	INFO	Running command: "C:\\Program Files\\Mozilla Firefox\\firefox.exe" "--marionette" "--remote-debugging-port" "60783" "--remote-allow-hosts" "localhost" "-no-remote" "-profile" "C:\\Users\\xmedia\\AppData\\Local\\Temp\\rust_mozprofileEBM1n3"
console.warn: services.settings: Ignoring preference override of remote settings server
console.warn: services.settings: Allow by setting MOZ_REMOTE_SETTINGS_DEVTOOLS=1 in the environment
Dynamically enable window occlusion 0
1729618693330	Marionette	INFO	Marionette enabled
1729618694155	Marionette	INFO	Listening on port 60802
WebDriver BiDi listening on ws://127.0.0.1:60783
Read port: 60802
1729618698288	RemoteAgent	WARN	TLS certificate errors will be ignored for this session
DevTools listening on ws://127.0.0.1:60783/devtools/browser/8718bc9c-4df8-4d9f-928c-f44259fb6932
JavaScript warning: https://static-assets-web.flixcart.com/batman-returns/batman-returns/p/fkvendor.3197a3.js, line 1: unreachable code after return statement
JavaScript warning: https://static-assets-web.flixcart.com/batman-returns/batman-returns/p/CrossCommon.334b5d.js, line 1: unreachable code after return statement
JavaScript warning: https://static-assets-web.flixcart.com/batman-returns/batman-returns/p/CrossCommon.334b5d.js, line 1: unreachable code after return statement
JavaScript warning: https://static-assets-web.flixcart.com/batman-returns/batman-returns/p/CrossCommon.334b5d.js, line 1: unreachable code after return statement
JavaScript warning: https://static-assets-web.flixcart.com/batman-returns/batman-returns/p/CrossCommon.334b5d.js, line 1: unreachable code after return statement
1729618709437	Marionette	INFO	Stopped listening on port 60802
JavaScript warning: https://static-assets-web.flixcart.com/batman-returns/batman-returns/p/app.0dd66e.js, line 1: Script terminated by timeout at:
f.o@https://static-assets-web.flixcart.com/batman-returns/batman-returns/p/app.0dd66e.js:1:687412
f.d@https://static-assets-web.flixcart.com/batman-returns/batman-returns/p/app.0dd66e.js:1:686719
@https://static-assets-web.flixcart.com/batman-returns/batman-returns/p/MultiWidgetpage.c4398d.js:1:445394
f@https://static-assets-web.flixcart.com/batman-returns/batman-returns/p/app.0dd66e.js:1:659929
@https://static-assets-web.flixcart.com/batman-returns/batman-returns/p/MultiWidgetpage.c4398d.js:1:2237453
f@https://static-assets-web.flixcart.com/batman-returns/batman-returns/p/app.0dd66e.js:1:659929
4832@https://static-assets-web.flixcart.com/batman-returns/batman-returns/p/OVHomePageTS.020855.js:1:816151
f@https://static-assets-web.flixcart.com/batman-returns/batman-returns/p/app.0dd66e.js:1:659929
5156/r.getModule@https://static-assets-web.flixcart.com/batman-returns/batman-returns/p/OVHomePageTS.020855.js:1:839415
1139/n.getComponent@https://static-assets-web.flixcart.com/batman-returns/batman-returns/p/OVHomePageTS.020855.js:1:13794
980/r.registerAndGetComponent@https://static-assets-web.flixcart.com/batman-returns/batman-returns/p/app.0dd66e.js:1:622277
980/n/d.getContent@https://static-assets-web.flixcart.com/batman-returns/batman-returns/p/app.0dd66e.js:1:616446
980/r.render@https://static-assets-web.flixcart.com/batman-returns/batman-returns/p/app.0dd66e.js:1:623006
_u@https://static-assets-web.flixcart.com/batman-returns/batman-returns/p/fkvendor.3197a3.js:1:129996
Su@https://static-assets-web.flixcart.com/batman-returns/batman-returns/p/fkvendor.3197a3.js:1:129794
vs@https://static-assets-web.flixcart.com/batman-returns/batman-returns/p/fkvendor.3197a3.js:1:171968
Ql@https://static-assets-web.flixcart.com/batman-returns/batman-returns/p/fkvendor.3197a3.js:1:153029
$l@https://static-assets-web.flixcart.com/batman-returns/batman-returns/p/fkvendor.3197a3.js:1:152905
Il@https://static-assets-web.flixcart.com/batman-returns/batman-returns/p/fkvendor.3197a3.js:1:148165
O@https://static-assets-web.flixcart.com/batman-returns/batman-returns/p/app.0dd66e.js:1:409347
N@https://static-assets-web.flixcart.com/batman-returns/batman-returns/p/app.0dd66e.js:1:409863
d@https://static-assets-web.flixcart.com/batman-returns/batman-returns/p/app.0dd66e.js:1:412000
e@https://static-assets-web.flixcart.com/batman-returns/batman-returns/p/app.0dd66e.js:1:412220
nrWrapper@https://www.flipkart.com/:6:14384

Dynamically enable window occlusion 1
